MPASM 03.20.07 Released                            CEVAP3.ASM   6-23-2021  22:13:39         PAGE  1


LOC  OBJECT CODE     LINE SOURCE TEXT
  VALUE

                      00001         LIST P =16F628A
                      00002         INCLUDE "P16F628A.INC"
                      00001         LIST
                      00002 ; P16F628A.INC  Standard Header File, Version 1.00    Microchip Technology, Inc.
                      00258         LIST
2007   3F09           00003         __CONFIG _XT_OSC & _WDT_OFF & _PWRTE_OFF & _MCLRE_OFF & _BODEN_OFF & _LVP_OFF & _CP_OFF
                      00004 
                      00005         CBLOCK h'20'
  00000020            00006 SAYAC,SAYI
                      00007         ENDC
0000                  00008         ORG h'00'       
0000                  00009 AYARLAMALAR
0000   0186           00010         CLRF PORTB
0001   1683 1303      00011         BANKSEL TRISB   ;BANK1'e gectik
Message[302]: Register in operand not in bank 0.  Ensure that bank bits are correct.
0003   0186           00012         CLRF TRISB              ;PORTB cikis belirlendi
Message[302]: Register in operand not in bank 0.  Ensure that bank bits are correct.
0004   1205           00013         BCF TRISA,4
Message[302]: Register in operand not in bank 0.  Ensure that bank bits are correct.
0005   1685           00014         BSF TRISA,5
0006   1283 1303      00015         BANKSEL PORTB   ;BANKO'a gectik 
0008   01A1           00016         CLRF SAYI
0009                  00017 BASLA
0009   01A0           00018         CLRF SAYAC
000A   0821           00019         MOVF SAYI,W
000B   2023           00020         CALL CEV_TABLOSU
000C   0086           00021         MOVWF PORTB
000D                  00022 DONGU
000D   1E85           00023         BTFSS PORTA,5
000E   2810           00024         GOTO KONTROL
000F   280D           00025         GOTO DONGU
0010                  00026 KONTROL
0010   1E85           00027         BTFSS PORTA,5
0011   2810           00028         GOTO KONTROL
0012   0AA0           00029         INCF SAYAC,F
0013   3003           00030         MOVLW d'3'
0014   0220           00031         SUBWF SAYAC,W
0015   1D03           00032         BTFSS STATUS,Z
0016   280D           00033         GOTO DONGU              ;
0017   2818           00034         GOTO CEVRIM
0018                  00035 CEVRIM
0018   0AA1           00036         INCF SAYI,F
0019   0821           00037         MOVF SAYI,W
001A   3C09           00038         SUBLW d'9'
001B   1D03           00039         BTFSS STATUS,Z  
001C   2809           00040         GOTO BASLA
001D   1605           00041         BSF PORTA,4
001E   281F           00042         GOTO DEGISME
001F                  00043 DEGISME
001F   3009           00044         MOVLW d'9'
0020   2023           00045         CALL CEV_TABLOSU
0021   0086           00046         MOVWF PORTB
0022   281F           00047         GOTO DEGISME
MPASM 03.20.07 Released                            CEVAP3.ASM   6-23-2021  22:13:39         PAGE  2


LOC  OBJECT CODE     LINE SOURCE TEXT
  VALUE

0023                  00048 CEV_TABLOSU
0023   0782           00049         ADDWF PCL,F
0024   343F           00050         RETLW h'3F' ;0
0025   3406           00051         RETLW h'06' ;1
0026   345B           00052         RETLW h'5B' ;2
0027   344F           00053         RETLW h'4F' ;3
0028   3466           00054         RETLW h'66' ;4
0029   346D           00055         RETLW h'6D' ;5
002A   347D           00056         RETLW h'7D' ;6
002B   3407           00057         RETLW h'07' ;7
002C   347F           00058         RETLW h'7F' ;8
002D   346F           00059         RETLW h'6F' ;9
                      00060         END
MPASM 03.20.07 Released                            CEVAP3.ASM   6-23-2021  22:13:39         PAGE  3


SYMBOL TABLE
  LABEL                             VALUE 

ADEN                              00000003
AYARLAMALAR                       00000000
BASLA                             00000009
BRGH                              00000002
C                                 00000000
C1INV                             00000004
C1OUT                             00000006
C2INV                             00000005
C2OUT                             00000007
CCP1CON                           00000017
CCP1IE                            00000002
CCP1IF                            00000002
CCP1M0                            00000000
CCP1M1                            00000001
CCP1M2                            00000002
CCP1M3                            00000003
CCP1X                             00000005
CCP1Y                             00000004
CCPR1H                            00000016
CCPR1L                            00000015
CEVRIM                            00000018
CEV_TABLOSU                       00000023
CIS                               00000003
CM0                               00000000
CM1                               00000001
CM2                               00000002
CMCON                             0000001F
CMIE                              00000006
CMIF                              00000006
CREN                              00000004
CSRC                              00000007
DC                                00000001
DEGISME                           0000001F
DONGU                             0000000D
EEADR                             0000009B
EECON1                            0000009C
EECON2                            0000009D
EEDATA                            0000009A
EEIE                              00000007
EEIF                              00000007
F                                 00000001
FERR                              00000002
FSR                               00000004
GIE                               00000007
INDF                              00000000
INTCON                            0000000B
INTE                              00000004
INTEDG                            00000006
INTF                              00000001
IRP                               00000007
KONTROL                           00000010
NOT_BO                            00000000
NOT_BOD                           00000000
MPASM 03.20.07 Released                            CEVAP3.ASM   6-23-2021  22:13:39         PAGE  4


SYMBOL TABLE
  LABEL                             VALUE 

NOT_BOR                           00000000
NOT_PD                            00000003
NOT_POR                           00000001
NOT_RBPU                          00000007
NOT_T1SYNC                        00000002
NOT_TO                            00000004
OERR                              00000001
OPTION_REG                        00000081
OSCF                              00000003
PCL                               00000002
PCLATH                            0000000A
PCON                              0000008E
PEIE                              00000006
PIE1                              0000008C
PIR1                              0000000C
PORTA                             00000005
PORTB                             00000006
PR2                               00000092
PS0                               00000000
PS1                               00000001
PS2                               00000002
PSA                               00000003
RBIE                              00000003
RBIF                              00000000
RCIE                              00000005
RCIF                              00000005
RCREG                             0000001A
RCSTA                             00000018
RD                                00000000
RP0                               00000005
RP1                               00000006
RX9                               00000006
RX9D                              00000000
SAYAC                             00000020
SAYI                              00000021
SPBRG                             00000099
SPEN                              00000007
SREN                              00000005
STATUS                            00000003
SYNC                              00000004
T0CS                              00000005
T0IE                              00000005
T0IF                              00000002
T0SE                              00000004
T1CKPS0                           00000004
T1CKPS1                           00000005
T1CON                             00000010
T1OSCEN                           00000003
T2CKPS0                           00000000
T2CKPS1                           00000001
T2CON                             00000012
TMR0                              00000001
TMR1CS                            00000001
MPASM 03.20.07 Released                            CEVAP3.ASM   6-23-2021  22:13:39         PAGE  5


SYMBOL TABLE
  LABEL                             VALUE 

TMR1H                             0000000F
TMR1IE                            00000000
TMR1IF                            00000000
TMR1L                             0000000E
TMR1ON                            00000000
TMR2                              00000011
TMR2IE                            00000001
TMR2IF                            00000001
TMR2ON                            00000002
TOUTPS0                           00000003
TOUTPS1                           00000004
TOUTPS2                           00000005
TOUTPS3                           00000006
TRISA                             00000085
TRISB                             00000086
TRMT                              00000001
TX9                               00000006
TX9D                              00000000
TXEN                              00000005
TXIE                              00000004
TXIF                              00000004
TXREG                             00000019
TXSTA                             00000098
VR0                               00000000
VR1                               00000001
VR2                               00000002
VR3                               00000003
VRCON                             0000009F
VREN                              00000007
VROE                              00000006
VRR                               00000005
W                                 00000000
WR                                00000001
WREN                              00000002
WRERR                             00000003
Z                                 00000002
_BODEN_OFF                        00003FBF
_BODEN_ON                         00003FFF
_CP_OFF                           00003FFF
_CP_ON                            00001FFF
_DATA_CP_OFF                      00003FFF
_DATA_CP_ON                       00003EFF
_EXTCLK_OSC                       00003FEF
_HS_OSC                           00003FEE
_INTOSC_OSC_CLKOUT                00003FFD
_INTOSC_OSC_NOCLKOUT              00003FFC
_LP_OSC                           00003FEC
_LVP_OFF                          00003F7F
_LVP_ON                           00003FFF
_MCLRE_OFF                        00003FDF
_MCLRE_ON                         00003FFF
_PWRTE_OFF                        00003FFF
_PWRTE_ON                         00003FF7
MPASM 03.20.07 Released                            CEVAP3.ASM   6-23-2021  22:13:39         PAGE  6


SYMBOL TABLE
  LABEL                             VALUE 

_RC_OSC_CLKOUT                    00003FFF
_RC_OSC_NOCLKOUT                  00003FFE
_WDT_OFF                          00003FFB
_WDT_ON                           00003FFF
_XT_OSC                           00003FED
__16F628A                         00000001


MEMORY USAGE MAP ('X' = Used,  '-' = Unused)

0000 : XXXXXXXXXXXXXXXX XXXXXXXXXXXXXXXX XXXXXXXXXXXXXX-- ----------------
2000 : -------X-------- ---------------- ---------------- ----------------

All other memory blocks unused.

Program Memory Words Used:    46
Program Memory Words Free:  2002


Errors   :     0
Warnings :     0 reported,     0 suppressed
Messages :     3 reported,     0 suppressed

