MPASM 03.20.07 Released                            CEVAP1.ASM   6-23-2021  22:07:32         PAGE  1


LOC  OBJECT CODE     LINE SOURCE TEXT
  VALUE

                      00001         LIST P=16F628A
                      00002     INCLUDE "P16F628A.INC"
                      00001         LIST
                      00002 ; P16F628A.INC  Standard Header File, Version 1.00    Microchip Technology, Inc.
                      00258         LIST
2007   3F09           00003     __CONFIG _BODEN_OFF & _CP_OFF & _DATA_CP_OFF & _PWRTE_OFF & _WDT_OFF & _LVP_OFF & _MCLRE_OFF & _XT_O
                            SC
                      00004 
                      00005 
  00000020            00006 SAYAC1 EQU h'20'
  00000021            00007 SAYAC2 EQU h'21'
  00000022            00008 SAYAC3 EQU h'22'
0000                  00009     ORG h'00'
0000                  00010 AYARLAMALAR
0000   0185           00011     CLRF PORTA ; 
0001   1683 1303      00012     BANKSEL TRISA
0003   30EF           00013     MOVLW b'11101111' ; 
Message[302]: Register in operand not in bank 0.  Ensure that bank bits are correct.
0004   0085           00014     MOVWF TRISA ;
0005   1283 1303      00015     BANKSEL PORTA
0007   1205           00016     BCF PORTA,4 
0008                  00017 BASLA
0008   1805           00018     BTFSC PORTA,0         
0009   2808           00019     GOTO BASLA            
000A   280B           00020     GOTO RA5_BAS        
000B                  00021 RA5_BAS
000B   1A85           00022     BTFSC PORTA,5        
000C   280B           00023     GOTO RA5_BAS       
000D   30FF           00024     MOVLW b'11111111'    
000E   0085           00025     MOVWF PORTA            
000F   2015           00026     CALL GECIKME        
0010   30EF           00027     MOVLW b'11101111'
0011   0085           00028     MOVWF PORTA           
0012   2015           00029     CALL GECIKME
0013   2808           00030     GOTO BASLA
0014   1605           00031     BSF PORTA,4 
0015                  00032 GECIKME
0015   3005           00033     MOVLW d'5'
0016   00A0           00034     MOVWF SAYAC1
0017                  00035 DONGU1
0017   30FF           00036     MOVLW d'255'
0018   00A1           00037     MOVWF SAYAC2
0019                  00038 DONGU2
0019   30FF           00039     MOVLW d'255'
001A   00A2           00040     MOVWF SAYAC3
001B                  00041 DONGU3
001B   0BA2           00042     DECFSZ SAYAC3,F 
001C   281B           00043     GOTO DONGU3
001D   0BA1           00044     DECFSZ SAYAC2,F
001E   2819           00045     GOTO DONGU2
001F   0BA0           00046     DECFSZ SAYAC1,F
0020   2817           00047     GOTO DONGU1
0021   0008           00048     RETURN
MPASM 03.20.07 Released                            CEVAP1.ASM   6-23-2021  22:07:32         PAGE  2


LOC  OBJECT CODE     LINE SOURCE TEXT
  VALUE

                      00049     END
MPASM 03.20.07 Released                            CEVAP1.ASM   6-23-2021  22:07:32         PAGE  3


SYMBOL TABLE
  LABEL                             VALUE 

ADEN                              00000003
AYARLAMALAR                       00000000
BASLA                             00000008
BRGH                              00000002
C                                 00000000
C1INV                             00000004
C1OUT                             00000006
C2INV                             00000005
C2OUT                             00000007
CCP1CON                           00000017
CCP1IE                            00000002
CCP1IF                            00000002
CCP1M0                            00000000
CCP1M1                            00000001
CCP1M2                            00000002
CCP1M3                            00000003
CCP1X                             00000005
CCP1Y                             00000004
CCPR1H                            00000016
CCPR1L                            00000015
CIS                               00000003
CM0                               00000000
CM1                               00000001
CM2                               00000002
CMCON                             0000001F
CMIE                              00000006
CMIF                              00000006
CREN                              00000004
CSRC                              00000007
DC                                00000001
DONGU1                            00000017
DONGU2                            00000019
DONGU3                            0000001B
EEADR                             0000009B
EECON1                            0000009C
EECON2                            0000009D
EEDATA                            0000009A
EEIE                              00000007
EEIF                              00000007
F                                 00000001
FERR                              00000002
FSR                               00000004
GECIKME                           00000015
GIE                               00000007
INDF                              00000000
INTCON                            0000000B
INTE                              00000004
INTEDG                            00000006
INTF                              00000001
IRP                               00000007
NOT_BO                            00000000
NOT_BOD                           00000000
NOT_BOR                           00000000
MPASM 03.20.07 Released                            CEVAP1.ASM   6-23-2021  22:07:32         PAGE  4


SYMBOL TABLE
  LABEL                             VALUE 

NOT_PD                            00000003
NOT_POR                           00000001
NOT_RBPU                          00000007
NOT_T1SYNC                        00000002
NOT_TO                            00000004
OERR                              00000001
OPTION_REG                        00000081
OSCF                              00000003
PCL                               00000002
PCLATH                            0000000A
PCON                              0000008E
PEIE                              00000006
PIE1                              0000008C
PIR1                              0000000C
PORTA                             00000005
PORTB                             00000006
PR2                               00000092
PS0                               00000000
PS1                               00000001
PS2                               00000002
PSA                               00000003
RA5_BAS                           0000000B
RBIE                              00000003
RBIF                              00000000
RCIE                              00000005
RCIF                              00000005
RCREG                             0000001A
RCSTA                             00000018
RD                                00000000
RP0                               00000005
RP1                               00000006
RX9                               00000006
RX9D                              00000000
SAYAC1                            00000020
SAYAC2                            00000021
SAYAC3                            00000022
SPBRG                             00000099
SPEN                              00000007
SREN                              00000005
STATUS                            00000003
SYNC                              00000004
T0CS                              00000005
T0IE                              00000005
T0IF                              00000002
T0SE                              00000004
T1CKPS0                           00000004
T1CKPS1                           00000005
T1CON                             00000010
T1OSCEN                           00000003
T2CKPS0                           00000000
T2CKPS1                           00000001
T2CON                             00000012
TMR0                              00000001
MPASM 03.20.07 Released                            CEVAP1.ASM   6-23-2021  22:07:32         PAGE  5


SYMBOL TABLE
  LABEL                             VALUE 

TMR1CS                            00000001
TMR1H                             0000000F
TMR1IE                            00000000
TMR1IF                            00000000
TMR1L                             0000000E
TMR1ON                            00000000
TMR2                              00000011
TMR2IE                            00000001
TMR2IF                            00000001
TMR2ON                            00000002
TOUTPS0                           00000003
TOUTPS1                           00000004
TOUTPS2                           00000005
TOUTPS3                           00000006
TRISA                             00000085
TRISB                             00000086
TRMT                              00000001
TX9                               00000006
TX9D                              00000000
TXEN                              00000005
TXIE                              00000004
TXIF                              00000004
TXREG                             00000019
TXSTA                             00000098
VR0                               00000000
VR1                               00000001
VR2                               00000002
VR3                               00000003
VRCON                             0000009F
VREN                              00000007
VROE                              00000006
VRR                               00000005
W                                 00000000
WR                                00000001
WREN                              00000002
WRERR                             00000003
Z                                 00000002
_BODEN_OFF                        00003FBF
_BODEN_ON                         00003FFF
_CP_OFF                           00003FFF
_CP_ON                            00001FFF
_DATA_CP_OFF                      00003FFF
_DATA_CP_ON                       00003EFF
_EXTCLK_OSC                       00003FEF
_HS_OSC                           00003FEE
_INTOSC_OSC_CLKOUT                00003FFD
_INTOSC_OSC_NOCLKOUT              00003FFC
_LP_OSC                           00003FEC
_LVP_OFF                          00003F7F
_LVP_ON                           00003FFF
_MCLRE_OFF                        00003FDF
_MCLRE_ON                         00003FFF
_PWRTE_OFF                        00003FFF
MPASM 03.20.07 Released                            CEVAP1.ASM   6-23-2021  22:07:32         PAGE  6


SYMBOL TABLE
  LABEL                             VALUE 

_PWRTE_ON                         00003FF7
_RC_OSC_CLKOUT                    00003FFF
_RC_OSC_NOCLKOUT                  00003FFE
_WDT_OFF                          00003FFB
_WDT_ON                           00003FFF
_XT_OSC                           00003FED
__16F628A                         00000001


MEMORY USAGE MAP ('X' = Used,  '-' = Unused)

0000 : XXXXXXXXXXXXXXXX XXXXXXXXXXXXXXXX XX-------------- ----------------
2000 : -------X-------- ---------------- ---------------- ----------------

All other memory blocks unused.

Program Memory Words Used:    34
Program Memory Words Free:  2014


Errors   :     0
Warnings :     0 reported,     0 suppressed
Messages :     1 reported,     0 suppressed

